#
# A fatal error has been detected by the Java Runtime Environment:
#
#  SIGSEGV (0xb) at pc=0x00000001229052a3, pid=4536, tid=11523
#
# JRE version: Java(TM) SE Runtime Environment (8.0_45-b14) (build 1.8.0_45-b14)
# Java VM: Java HotSpot(TM) 64-Bit Server VM (25.45-b02 mixed mode bsd-amd64 compressed oops)
# Problematic frame:
# C  [libopencv_java310.dylib+0x162a3]  Java_org_opencv_core_Mat_n_1delete+0x13
#
# Failed to write core dump. Core dumps have been disabled. To enable core dumping, try "ulimit -c unlimited" before starting Java again
#
# If you would like to submit a bug report, please visit:
#   http://bugreport.java.com/bugreport/crash.jsp
# The crash happened outside the Java Virtual Machine in native code.
# See problematic frame for where to report the bug.
#

---------------  T H R E A D  ---------------

Current thread (0x00007fd85c858800):  JavaThread "Finalizer" daemon [_thread_in_native, id=11523, stack(0x000000011d3e1000,0x000000011d4e1000)]

siginfo: si_signo: 11 (SIGSEGV), si_code: 1 (SEGV_MAPERR), si_addr: 0x0000000000000050

Registers:
RAX=0x00000007c0b53bf0, RBX=0x0000000000000018, RCX=0x00000007c002af00, RDX=0x0000000000000018
RSP=0x000000011d4e0790, RBP=0x000000011d4e07a0, RSI=0x000000011d4e07e0, RDI=0x00007fd85c8589f8
R8 =0x00000007c002d8b8, R9 =0x0000000000000060, R10=0x000000010a31c001, R11=0x0000000109c2be40
R12=0x0000000000000000, R13=0x000000011d4e08f8, R14=0x000000011d4e07e0, R15=0x00007fd85c858800
RIP=0x00000001229052a3, EFLAGS=0x0000000000010206, ERR=0x0000000000000004
  TRAPNO=0x000000000000000e

Top of Stack: (sp=0x000000011d4e0790)
0x000000011d4e0790:   0000000124b77a10 000000011d4e07e0
0x000000011d4e07a0:   000000011d4e07f0 000000010a31c071
0x000000011d4e07b0:   0000000000000060 000000011d4e05f0
0x000000011d4e07c0:   00000007805e47d8 00000007bb814148
0x000000011d4e07d0:   000000011d4e0800 000000011d4e0800
0x000000011d4e07e0:   00000007823e1088 0000000000000003
0x000000011d4e07f0:   000000011d4e0948 000000010a31ce84
0x000000011d4e0800:   000000011d4e0948 0000000109c2b7f0
0x000000011d4e0810:   0000000000000001 0000000780000c98
0x000000011d4e0820:   00000007bfaf0170 000000011d4e0948
0x000000011d4e0830:   000000011d4e0948 0000000109c2ab4c
0x000000011d4e0840:   00007fd85c858800 0000000000000000
0x000000011d4e0850:   00000007805e47b8 00000007805e47d8
0x000000011d4e0860:   0000000000000000 0000000000000000
0x000000011d4e0870:   00000007bb814148 00000007802c49c8
0x000000011d4e0880:   0000000000000003 00000007bb814148
0x000000011d4e0890:   00007fd85c858800 00007fd85c858800
0x000000011d4e08a0:   000000011d4e0948 0000000109c2be54
0x000000011d4e08b0:   000000011d4e08b0 000000011b85b622
0x000000011d4e08c0:   000000011d4e0900 000000011b85b770
0x000000011d4e08d0:   000000011ba66eb0 000000011b85b638
0x000000011d4e08e0:   000000011d4e0948 0000000109a73c4d
0x000000011d4e08f0:   0000000109a73c4d 00000007802c49c8
0x000000011d4e0900:   00000007bb814148 000000011d4e0908
0x000000011d4e0910:   000000011b85c5fd 000000011d4e0968
0x000000011d4e0920:   000000011b85c6a0 0000000000000000
0x000000011d4e0930:   000000011b85c630 000000011d4e08f8
0x000000011d4e0940:   000000011d4e0968 000000011d4e09d0
0x000000011d4e0950:   0000000109a6c7a7 00000007bb814148
0x000000011d4e0960:   00000007802c49c8 0000000780140a50
0x000000011d4e0970:   0000000100001fa0 000000000000000a
0x000000011d4e0980:   00007fd85c858800 0000000000000001 

Instructions: (pc=0x00000001229052a3)
0x0000000122905283:   66 66 66 66 2e 0f 1f 84 00 00 00 00 00 55 48 89
0x0000000122905293:   e5 41 56 53 48 89 d3 48 85 db 0f 84 8a 00 00 00
0x00000001229052a3:   48 8b 43 38 48 85 c0 74 17 b9 ff ff ff ff f0 0f
0x00000001229052b3:   c1 48 14 83 f9 01 75 08 48 89 df e8 b1 ad 05 00 

Register to memory mapping:

RAX=0x00000007c0b53bf0 is pointing into metadata
RBX=0x0000000000000018 is an unknown value
RCX=0x00000007c002af00 is pointing into metadata
RDX=0x0000000000000018 is an unknown value
RSP=0x000000011d4e0790 is pointing into the stack for thread: 0x00007fd85c858800
RBP=0x000000011d4e07a0 is pointing into the stack for thread: 0x00007fd85c858800
RSI=0x000000011d4e07e0 is pointing into the stack for thread: 0x00007fd85c858800
RDI=0x00007fd85c8589f8 is an unknown value
R8 =0x00000007c002d8b8 is pointing into metadata
R9 =0x0000000000000060 is an unknown value
R10=0x000000010a31c001 is at entry_point+65 in (nmethod*)0x000000010a31be50
R11=0x0000000109c2be40 is at entry_point+0 in (nmethod*)0x0000000109c2bcd0
R12=0x0000000000000000 is an unknown value
R13=0x000000011d4e08f8 is pointing into the stack for thread: 0x00007fd85c858800
R14=0x000000011d4e07e0 is pointing into the stack for thread: 0x00007fd85c858800
R15=0x00007fd85c858800 is a thread


Stack: [0x000000011d3e1000,0x000000011d4e1000],  sp=0x000000011d4e0790,  free space=1021k
Native frames: (J=compiled Java code, j=interpreted, Vv=VM code, C=native code)
C  [libopencv_java310.dylib+0x162a3]  Java_org_opencv_core_Mat_n_1delete+0x13
J 6258  org.opencv.core.Mat.n_delete(J)V (0 bytes) @ 0x000000010a31c071 [0x000000010a31bfc0+0xb1]
J 6257 C1 org.opencv.core.Mat.finalize()V (12 bytes) @ 0x000000010a31ce84 [0x000000010a31ce40+0x44]
J 444 C1 java.lang.ref.Finalizer.runFinalizer(Lsun/misc/JavaLangAccess;)V (62 bytes) @ 0x0000000109c2ab4c [0x0000000109c2a960+0x1ec]
J 443 C1 java.lang.ref.Finalizer.access$100(Ljava/lang/ref/Finalizer;Lsun/misc/JavaLangAccess;)V (6 bytes) @ 0x0000000109c2be54 [0x0000000109c2be40+0x14]
j  java.lang.ref.Finalizer$FinalizerThread.run()V+45
v  ~StubRoutines::call_stub
V  [libjvm.dylib+0x2e032a]  JavaCalls::call_helper(JavaValue*, methodHandle*, JavaCallArguments*, Thread*)+0x6ae
V  [libjvm.dylib+0x2e0ab8]  JavaCalls::call_virtual(JavaValue*, KlassHandle, Symbol*, Symbol*, JavaCallArguments*, Thread*)+0x164
V  [libjvm.dylib+0x2e0c64]  JavaCalls::call_virtual(JavaValue*, Handle, KlassHandle, Symbol*, Symbol*, Thread*)+0x4a
V  [libjvm.dylib+0x3331a5]  thread_entry(JavaThread*, Thread*)+0x7c
V  [libjvm.dylib+0x549acf]  JavaThread::thread_main_inner()+0x9b
V  [libjvm.dylib+0x54b1c0]  JavaThread::run()+0x1c2
V  [libjvm.dylib+0x46ea7e]  java_start(Thread*)+0xf6
C  [libsystem_pthread.dylib+0x405a]  _pthread_body+0x83
C  [libsystem_pthread.dylib+0x3fd7]  _pthread_body+0x0
C  [libsystem_pthread.dylib+0x13ed]  thread_start+0xd
C  0x0000000000000000

Java frames: (J=compiled Java code, j=interpreted, Vv=VM code)
J 6258  org.opencv.core.Mat.n_delete(J)V (0 bytes) @ 0x000000010a31c001 [0x000000010a31bfc0+0x41]
J 6257 C1 org.opencv.core.Mat.finalize()V (12 bytes) @ 0x000000010a31ce84 [0x000000010a31ce40+0x44]
J 444 C1 java.lang.ref.Finalizer.runFinalizer(Lsun/misc/JavaLangAccess;)V (62 bytes) @ 0x0000000109c2ab4c [0x0000000109c2a960+0x1ec]
J 443 C1 java.lang.ref.Finalizer.access$100(Ljava/lang/ref/Finalizer;Lsun/misc/JavaLangAccess;)V (6 bytes) @ 0x0000000109c2be54 [0x0000000109c2be40+0x14]
j  java.lang.ref.Finalizer$FinalizerThread.run()V+45
v  ~StubRoutines::call_stub

---------------  P R O C E S S  ---------------

Java Threads: ( => current thread )
  0x00007fd85c947000 JavaThread "Animation Thread" daemon [_thread_in_Java, id=114587, stack(0x00000001324b3000,0x00000001325b3000)]
  0x00007fd85c1d7800 JavaThread "nREPL-worker-11" daemon [_thread_blocked, id=118971, stack(0x000000013104a000,0x000000013114a000)]
  0x00007fd85c1af800 JavaThread "clojure-agent-send-off-pool-11" [_thread_blocked, id=19771, stack(0x000000012e98f000,0x000000012ea8f000)]
  0x00007fd85d847000 JavaThread "clojure-agent-send-pool-5" daemon [_thread_blocked, id=47123, stack(0x000000012df1f000,0x000000012e01f000)]
  0x00007fd85c60c000 JavaThread "clojure-agent-send-pool-4" daemon [_thread_blocked, id=13071, stack(0x000000012de1c000,0x000000012df1c000)]
  0x00007fd85e81d800 JavaThread "clojure-agent-send-pool-3" daemon [_thread_blocked, id=50955, stack(0x000000012b7cb000,0x000000012b8cb000)]
  0x00007fd85d9a0800 JavaThread "clojure-agent-send-pool-2" daemon [_thread_blocked, id=55827, stack(0x000000012d983000,0x000000012da83000)]
  0x00007fd85e8a5000 JavaThread "Animation Thread" daemon [_thread_blocked, id=54563, stack(0x000000012d436000,0x000000012d536000)]
  0x00007fd85e897000 JavaThread "AWT-EventQueue-0" [_thread_blocked, id=54019, stack(0x000000012cf31000,0x000000012d031000)]
  0x00007fd85ce75800 JavaThread "Java2D Disposer" daemon [_thread_blocked, id=50195, stack(0x000000012af8e000,0x000000012b08e000)]
  0x00007fd85c5bf800 JavaThread "Java2D Queue Flusher" daemon [_thread_blocked, id=46599, stack(0x0000000129e8e000,0x0000000129f8e000)]
  0x00007fd85c567000 JavaThread "AWT-Shutdown" [_thread_blocked, id=12299, stack(0x0000000129b8b000,0x0000000129c8b000)]
  0x00007fd85cd8b000 JavaThread "clojure.core.async.timers/timeout-daemon" daemon [_thread_blocked, id=22547, stack(0x000000011d52a000,0x000000011d62a000)]
  0x00007fd85c0c8800 JavaThread "clojure-agent-send-pool-1" daemon [_thread_blocked, id=45571, stack(0x0000000128aef000,0x0000000128bef000)]
  0x00007fd85d8b0000 JavaThread "clojure-agent-send-pool-0" daemon [_thread_blocked, id=45059, stack(0x00000001289ec000,0x0000000128aec000)]
  0x00007fd85d1ec000 JavaThread "clojure-agent-send-off-pool-3" [_thread_in_native, id=43523, stack(0x00000001286c8000,0x00000001287c8000)]
  0x00007fd85d1eb000 JavaThread "clojure-agent-send-off-pool-2" [_thread_blocked, id=28951, stack(0x00000001285c5000,0x00000001286c5000)]
  0x00007fd85cce2000 JavaThread "AppKit Thread" daemon [_thread_in_native, id=8207, stack(0x00007fff5740a000,0x00007fff57c0a000)]
  0x00007fd85c1d7000 JavaThread "clojure-agent-send-off-pool-0" [_thread_in_native, id=19203, stack(0x000000011fcba000,0x000000011fdba000)]
  0x00007fd85c89f800 JavaThread "Service Thread" daemon [_thread_blocked, id=18179, stack(0x000000011f20e000,0x000000011f30e000)]
  0x00007fd85c889800 JavaThread "C1 CompilerThread2" daemon [_thread_blocked, id=17667, stack(0x000000011f10b000,0x000000011f20b000)]
  0x00007fd85c889000 JavaThread "C2 CompilerThread1" daemon [_thread_blocked, id=17155, stack(0x000000011f008000,0x000000011f108000)]
  0x00007fd85c897000 JavaThread "C2 CompilerThread0" daemon [_thread_blocked, id=16643, stack(0x000000011ef05000,0x000000011f005000)]
  0x00007fd85c80e800 JavaThread "Signal Dispatcher" daemon [_thread_blocked, id=13331, stack(0x000000011ee02000,0x000000011ef02000)]
=>0x00007fd85c858800 JavaThread "Finalizer" daemon [_thread_in_native, id=11523, stack(0x000000011d3e1000,0x000000011d4e1000)]
  0x00007fd85c857800 JavaThread "Reference Handler" daemon [_thread_blocked, id=11011, stack(0x000000011d2de000,0x000000011d3de000)]
  0x00007fd85c80b000 JavaThread "main" [_thread_blocked, id=3847, stack(0x000000010996a000,0x0000000109a6a000)]

Other Threads:
  0x00007fd85c01f000 VMThread [stack: 0x000000011d1db000,0x000000011d2db000] [id=10499]
  0x00007fd85c85d800 WatcherThread [stack: 0x000000011f311000,0x000000011f411000] [id=18691]

VM state:not at safepoint (normal execution)

VM Mutex/Monitor currently owned by a thread: None

Heap:
 PSYoungGen      total 267776K, used 79467K [0x00000007aab00000, 0x00000007c0000000, 0x00000007c0000000)
  eden space 190464K, 3% used [0x00000007aab00000,0x00000007ab222da0,0x00000007b6500000)
  from space 77312K, 93% used [0x00000007bb480000,0x00000007bfaf8140,0x00000007c0000000)
  to   space 79360K, 0% used [0x00000007b6500000,0x00000007b6500000,0x00000007bb280000)
 ParOldGen       total 699392K, used 284682K [0x0000000780000000, 0x00000007aab00000, 0x00000007aab00000)
  object space 699392K, 40% used [0x0000000780000000,0x00000007916028d8,0x00000007aab00000)
 Metaspace       used 49890K, capacity 65067K, committed 75312K, reserved 1103872K
  class space    used 12277K, capacity 17709K, committed 21296K, reserved 1048576K

Card table byte_map: [0x0000000118e2c000,0x000000011902d000] byte_map_base: 0x000000011522c000

Marking Bits: (ParMarkBitMap*) 0x00000001092c27a0
 Begin Bits: [0x000000011958f000, 0x000000011a58f000)
 End Bits:   [0x000000011a58f000, 0x000000011b58f000)

Polling page: 0x000000010814f000

CodeCache: size=245760Kb used=14200Kb max_used=14210Kb free=231559Kb
 bounds [0x0000000109a6c000, 0x000000010a85c000, 0x0000000118a6c000]
 total_blobs=7047 nmethods=6267 adapters=692
 compilation: enabled

Compilation events (10 events):
Event: 3108.829 Thread 0x00007fd85c889800 6331       1       clojure.string$split::invoke (10 bytes)
Event: 3108.830 Thread 0x00007fd85c889800 nmethod 6331 0x000000010a3264d0 code [0x000000010a326660, 0x000000010a326908]
Event: 3110.892 Thread 0x00007fd85c889800 6332   !   1       java.lang.ref.Reference$ReferenceHandler::run (102 bytes)
Event: 3110.892 Thread 0x00007fd85c889800 nmethod 6332 0x000000010a380d90 code [0x000000010a380f40, 0x000000010a381408]
Event: 3113.762 Thread 0x00007fd85c889800 6333       1       cider.nrepl.middleware.track_state$filter_core_and_get_meta::invoke (7 bytes)
Event: 3113.763 Thread 0x00007fd85c889800 nmethod 6333 0x000000010a3261d0 code [0x000000010a326340, 0x000000010a326468]
Event: 3113.763 Thread 0x00007fd85c889800 6334       1       cider.nrepl.middleware.track_state$filter_core_and_get_meta::invokeStatic (42 bytes)
Event: 3113.764 Thread 0x00007fd85c889800 nmethod 6334 0x000000010a84d790 code [0x000000010a84d920, 0x000000010a84db98]
Event: 3113.765 Thread 0x00007fd85c889800 6335       1       cider.nrepl.middleware.track_state$filter_core_and_get_meta$fn__9908::<init> (5 bytes)
Event: 3113.765 Thread 0x00007fd85c889800 nmethod 6335 0x000000010a84dd10 code [0x000000010a84de60, 0x000000010a84df70]

GC Heap History (10 events):
Event: 3109.657 GC heap before
{Heap before GC invocations=945 (full 29):
 PSYoungGen      total 269312K, used 248915K [0x00000007aab00000, 0x00000007c0000000, 0x00000007c0000000)
  eden space 189440K, 99% used [0x00000007aab00000,0x00000007b6228d78,0x00000007b6400000)
  from space 79872K, 76% used [0x00000007b6400000,0x00000007b9fec110,0x00000007bb200000)
  to   space 78848K, 0% used [0x00000007bb300000,0x00000007bb300000,0x00000007c0000000)
 ParOldGen       total 699392K, used 284682K [0x0000000780000000, 0x00000007aab00000, 0x00000007aab00000)
  object space 699392K, 40% used [0x0000000780000000,0x00000007916028d8,0x00000007aab00000)
 Metaspace       used 49886K, capacity 65061K, committed 75312K, reserved 1103872K
  class space    used 12275K, capacity 17707K, committed 21296K, reserved 1048576K
Event: 3109.671 GC heap after
Heap after GC invocations=945 (full 29):
 PSYoungGen      total 266240K, used 61360K [0x00000007aab00000, 0x00000007bfd00000, 0x00000007c0000000)
  eden space 190464K, 0% used [0x00000007aab00000,0x00000007aab00000,0x00000007b6500000)
  from space 75776K, 80% used [0x00000007bb300000,0x00000007beeec110,0x00000007bfd00000)
  to   space 77824K, 0% used [0x00000007b6500000,0x00000007b6500000,0x00000007bb100000)
 ParOldGen       total 699392K, used 284682K [0x0000000780000000, 0x00000007aab00000, 0x00000007aab00000)
  object space 699392K, 40% used [0x0000000780000000,0x00000007916028d8,0x00000007aab00000)
 Metaspace       used 49886K, capacity 65061K, committed 75312K, reserved 1103872K
  class space    used 12275K, capacity 17707K, committed 21296K, reserved 1048576K
}
Event: 3110.880 GC heap before
{Heap before GC invocations=946 (full 29):
 PSYoungGen      total 266240K, used 249057K [0x00000007aab00000, 0x00000007bfd00000, 0x00000007c0000000)
  eden space 190464K, 98% used [0x00000007aab00000,0x00000007b624c378,0x00000007b6500000)
  from space 75776K, 80% used [0x00000007bb300000,0x00000007beeec110,0x00000007bfd00000)
  to   space 77824K, 0% used [0x00000007b6500000,0x00000007b6500000,0x00000007bb100000)
 ParOldGen       total 699392K, used 284682K [0x0000000780000000, 0x00000007aab00000, 0x00000007aab00000)
  object space 699392K, 40% used [0x0000000780000000,0x00000007916028d8,0x00000007aab00000)
 Metaspace       used 49886K, capacity 65061K, committed 75312K, reserved 1103872K
  class space    used 12275K, capacity 17707K, committed 21296K, reserved 1048576K
Event: 3110.891 GC heap after
Heap after GC invocations=946 (full 29):
 PSYoungGen      total 268288K, used 57760K [0x00000007aab00000, 0x00000007c0000000, 0x00000007c0000000)
  eden space 190464K, 0% used [0x00000007aab00000,0x00000007aab00000,0x00000007b6500000)
  from space 77824K, 74% used [0x00000007b6500000,0x00000007b9d68100,0x00000007bb100000)
  to   space 77312K, 0% used [0x00000007bb480000,0x00000007bb480000,0x00000007c0000000)
 ParOldGen       total 699392K, used 284682K [0x0000000780000000, 0x00000007aab00000, 0x00000007aab00000)
  object space 699392K, 40% used [0x0000000780000000,0x00000007916028d8,0x00000007aab00000)
 Metaspace       used 49886K, capacity 65061K, committed 75312K, reserved 1103872K
  class space    used 12275K, capacity 17707K, committed 21296K, reserved 1048576K
}
Event: 3112.154 GC heap before
{Heap before GC invocations=947 (full 29):
 PSYoungGen      total 268288K, used 244753K [0x00000007aab00000, 0x00000007c0000000, 0x00000007c0000000)
  eden space 190464K, 98% used [0x00000007aab00000,0x00000007b619c538,0x00000007b6500000)
  from space 77824K, 74% used [0x00000007b6500000,0x00000007b9d68100,0x00000007bb100000)
  to   space 77312K, 0% used [0x00000007bb480000,0x00000007bb480000,0x00000007c0000000)
 ParOldGen       total 699392K, used 284682K [0x0000000780000000, 0x00000007aab00000, 0x00000007aab00000)
  object space 699392K, 40% used [0x0000000780000000,0x00000007916028d8,0x00000007aab00000)
 Metaspace       used 49886K, capacity 65061K, committed 75312K, reserved 1103872K
  class space    used 12275K, capacity 17707K, committed 21296K, reserved 1048576K
Event: 3112.167 GC heap after
Heap after GC invocations=947 (full 29):
 PSYoungGen      total 269824K, used 64960K [0x00000007aab00000, 0x00000007bfe80000, 0x00000007c0000000)
  eden space 194048K, 0% used [0x00000007aab00000,0x00000007aab00000,0x00000007b6880000)
  from space 75776K, 85% used [0x00000007bb480000,0x00000007bf3f0120,0x00000007bfe80000)
  to   space 76800K, 0% used [0x00000007b6880000,0x00000007b6880000,0x00000007bb380000)
 ParOldGen       total 699392K, used 284682K [0x0000000780000000, 0x00000007aab00000, 0x00000007aab00000)
  object space 699392K, 40% used [0x0000000780000000,0x00000007916028d8,0x00000007aab00000)
 Metaspace       used 49886K, capacity 65061K, committed 75312K, reserved 1103872K
  class space    used 12275K, capacity 17707K, committed 21296K, reserved 1048576K
}
Event: 3113.380 GC heap before
{Heap before GC invocations=948 (full 29):
 PSYoungGen      total 269824K, used 256368K [0x00000007aab00000, 0x00000007bfe80000, 0x00000007c0000000)
  eden space 194048K, 98% used [0x00000007aab00000,0x00000007b65ec0c0,0x00000007b6880000)
  from space 75776K, 85% used [0x00000007bb480000,0x00000007bf3f0120,0x00000007bfe80000)
  to   space 76800K, 0% used [0x00000007b6880000,0x00000007b6880000,0x00000007bb380000)
 ParOldGen       total 699392K, used 284682K [0x0000000780000000, 0x00000007aab00000, 0x00000007aab00000)
  object space 699392K, 40% used [0x0000000780000000,0x00000007916028d8,0x00000007aab00000)
 Metaspace       used 49886K, capacity 65061K, committed 75312K, reserved 1103872K
  class space    used 12275K, capacity 17707K, committed 21296K, reserved 1048576K
Event: 3113.393 GC heap after
Heap after GC invocations=948 (full 29):
 PSYoungGen      total 270848K, used 68560K [0x00000007aab00000, 0x00000007c0000000, 0x00000007c0000000)
  eden space 194048K, 0% used [0x00000007aab00000,0x00000007aab00000,0x00000007b6880000)
  from space 76800K, 89% used [0x00000007b6880000,0x00000007bab74130,0x00000007bb380000)
  to   space 77312K, 0% used [0x00000007bb480000,0x00000007bb480000,0x00000007c0000000)
 ParOldGen       total 699392K, used 284682K [0x0000000780000000, 0x00000007aab00000, 0x00000007aab00000)
  object space 699392K, 40% used [0x0000000780000000,0x00000007916028d8,0x00000007aab00000)
 Metaspace       used 49886K, capacity 65061K, committed 75312K, reserved 1103872K
  class space    used 12275K, capacity 17707K, committed 21296K, reserved 1048576K
}
Event: 3114.657 GC heap before
{Heap before GC invocations=949 (full 29):
 PSYoungGen      total 270848K, used 261120K [0x00000007aab00000, 0x00000007c0000000, 0x00000007c0000000)
  eden space 194048K, 99% used [0x00000007aab00000,0x00000007b670c168,0x00000007b6880000)
  from space 76800K, 89% used [0x00000007b6880000,0x00000007bab74130,0x00000007bb380000)
  to   space 77312K, 0% used [0x00000007bb480000,0x00000007bb480000,0x00000007c0000000)
 ParOldGen       total 699392K, used 284682K [0x0000000780000000, 0x00000007aab00000, 0x00000007aab00000)
  object space 699392K, 40% used [0x0000000780000000,0x00000007916028d8,0x00000007aab00000)
 Metaspace       used 49890K, capacity 65067K, committed 75312K, reserved 1103872K
  class space    used 12277K, capacity 17709K, committed 21296K, reserved 1048576K
Event: 3114.673 GC heap after
Heap after GC invocations=949 (full 29):
 PSYoungGen      total 267776K, used 72160K [0x00000007aab00000, 0x00000007c0000000, 0x00000007c0000000)
  eden space 190464K, 0% used [0x00000007aab00000,0x00000007aab00000,0x00000007b6500000)
  from space 77312K, 93% used [0x00000007bb480000,0x00000007bfaf8140,0x00000007c0000000)
  to   space 79360K, 0% used [0x00000007b6500000,0x00000007b6500000,0x00000007bb280000)
 ParOldGen       total 699392K, used 284682K [0x0000000780000000, 0x00000007aab00000, 0x00000007aab00000)
  object space 699392K, 40% used [0x0000000780000000,0x00000007916028d8,0x00000007aab00000)
 Metaspace       used 49890K, capacity 65067K, committed 75312K, reserved 1103872K
  class space    used 12277K, capacity 17709K, committed 21296K, reserved 1048576K
}

Deoptimization events (0 events):
No events

Internal exceptions (10 events):
Event: 3111.865 Thread 0x00007fd85c1af800 Exception <a 'java/lang/ClassNotFoundException': > (0x00000007b40fbb48) thrown at [/Users/java_re/workspace/8-2-build-macosx-x86_64/jdk8u45/3457/hotspot/src/share/vm/prims/jni.cpp, line 735]
Event: 3111.865 Thread 0x00007fd85c1af800 Exception <a 'java/lang/ClassNotFoundException': > (0x00000007b40fc900) thrown at [/Users/java_re/workspace/8-2-build-macosx-x86_64/jdk8u45/3457/hotspot/src/share/vm/prims/jni.cpp, line 735]
Event: 3111.865 Thread 0x00007fd85c1af800 Exception <a 'java/lang/ClassNotFoundException': > (0x00000007b40fd448) thrown at [/Users/java_re/workspace/8-2-build-macosx-x86_64/jdk8u45/3457/hotspot/src/share/vm/prims/jni.cpp, line 735]
Event: 3111.865 Thread 0x00007fd85c1af800 Exception <a 'java/lang/ClassNotFoundException': > (0x00000007b40fe200) thrown at [/Users/java_re/workspace/8-2-build-macosx-x86_64/jdk8u45/3457/hotspot/src/share/vm/prims/jni.cpp, line 735]
Event: 3111.865 Thread 0x00007fd85c1af800 Exception <a 'java/lang/ClassNotFoundException': > (0x00000007b40fec38) thrown at [/Users/java_re/workspace/8-2-build-macosx-x86_64/jdk8u45/3457/hotspot/src/share/vm/prims/jni.cpp, line 735]
Event: 3111.865 Thread 0x00007fd85c1af800 Exception <a 'java/lang/ClassNotFoundException': > (0x00000007b40ff8e0) thrown at [/Users/java_re/workspace/8-2-build-macosx-x86_64/jdk8u45/3457/hotspot/src/share/vm/prims/jni.cpp, line 735]
Event: 3111.865 Thread 0x00007fd85c1af800 Exception <a 'java/lang/ClassNotFoundException': > (0x00000007b41001b8) thrown at [/Users/java_re/workspace/8-2-build-macosx-x86_64/jdk8u45/3457/hotspot/src/share/vm/prims/jni.cpp, line 735]
Event: 3111.865 Thread 0x00007fd85c1af800 Exception <a 'java/lang/ClassNotFoundException': > (0x00000007b4100a90) thrown at [/Users/java_re/workspace/8-2-build-macosx-x86_64/jdk8u45/3457/hotspot/src/share/vm/prims/jni.cpp, line 735]
Event: 3111.865 Thread 0x00007fd85c1af800 Exception <a 'java/lang/ClassNotFoundException': > (0x00000007b4101710) thrown at [/Users/java_re/workspace/8-2-build-macosx-x86_64/jdk8u45/3457/hotspot/src/share/vm/prims/jni.cpp, line 735]
Event: 3111.865 Thread 0x00007fd85c1af800 Exception <a 'java/lang/ClassNotFoundException': > (0x00000007b4102258) thrown at [/Users/java_re/workspace/8-2-build-macosx-x86_64/jdk8u45/3457/hotspot/src/share/vm/prims/jni.cpp, line 735]

Events (10 events):
Event: 3113.758 loading class video-feed
Event: 3113.758 loading class video-feed done
Event: 3113.761 loading class cemerick/piggieback__init
Event: 3113.761 loading class cemerick/piggieback__init done
Event: 3113.765 Thread 0x00007fd85c889800 flushing nmethod 0x000000010a7cc2d0
Event: 3113.765 Thread 0x00007fd85c889800 flushing nmethod 0x000000010a7cc5d0
Event: 3113.765 Thread 0x00007fd85c889800 flushing nmethod 0x000000010a7f3d50
Event: 3113.765 Thread 0x00007fd85c889800 flushing nmethod 0x000000010a7f4050
Event: 3114.657 Executing VM operation: ParallelGCFailedAllocation
Event: 3114.673 Executing VM operation: ParallelGCFailedAllocation done


Dynamic libraries:
0x000000000b07f000 	/System/Library/Frameworks/Cocoa.framework/Versions/A/Cocoa
0x000000000b07f000 	/System/Library/Frameworks/Security.framework/Versions/A/Security
0x000000000b07f000 	/System/Library/Frameworks/ApplicationServices.framework/Versions/A/ApplicationServices
0x000000000b07f000 	/usr/lib/libz.1.dylib
0x000000000b07f000 	/usr/lib/libSystem.B.dylib
0x000000000b07f000 	/usr/lib/libobjc.A.dylib
0x000000000b07f000 	/System/Library/Frameworks/CoreFoundation.framework/Versions/A/CoreFoundation
0x000000000b07f000 	/System/Library/Frameworks/Foundation.framework/Versions/C/Foundation
0x000000000b07f000 	/System/Library/Frameworks/AppKit.framework/Versions/C/AppKit
0x000000000b07f000 	/System/Library/Frameworks/CoreData.framework/Versions/A/CoreData
0x000000000b07f000 	/System/Library/PrivateFrameworks/RemoteViewServices.framework/Versions/A/RemoteViewServices
0x000000000b07f000 	/System/Library/PrivateFrameworks/UIFoundation.framework/Versions/A/UIFoundation
0x000000000b07f000 	/System/Library/Frameworks/IOSurface.framework/Versions/A/IOSurface
0x000000000b07f000 	/System/Library/Frameworks/AudioToolbox.framework/Versions/A/AudioToolbox
0x000000000b07f000 	/System/Library/Frameworks/AudioUnit.framework/Versions/A/AudioUnit
0x000000000b07f000 	/System/Library/PrivateFrameworks/DataDetectorsCore.framework/Versions/A/DataDetectorsCore
0x000000000b07f000 	/System/Library/PrivateFrameworks/DesktopServicesPriv.framework/Versions/A/DesktopServicesPriv
0x000000000b07f000 	/System/Library/Frameworks/Carbon.framework/Versions/A/Frameworks/HIToolbox.framework/Versions/A/HIToolbox
0x000000000b07f000 	/System/Library/Frameworks/QuartzCore.framework/Versions/A/QuartzCore
0x000000000b07f000 	/System/Library/Frameworks/Carbon.framework/Versions/A/Frameworks/SpeechRecognition.framework/Versions/A/SpeechRecognition
0x000000000b07f000 	/usr/lib/libauto.dylib
0x000000000b07f000 	/usr/lib/libicucore.A.dylib
0x000000000b07f000 	/usr/lib/libxml2.2.dylib
0x000000000b07f000 	/System/Library/PrivateFrameworks/CoreUI.framework/Versions/A/CoreUI
0x000000000b07f000 	/System/Library/Frameworks/CoreAudio.framework/Versions/A/CoreAudio
0x000000000b07f000 	/System/Library/Frameworks/DiskArbitration.framework/Versions/A/DiskArbitration
0x000000000b07f000 	/usr/lib/liblangid.dylib
0x000000000b07f000 	/System/Library/PrivateFrameworks/MultitouchSupport.framework/Versions/A/MultitouchSupport
0x000000000b07f000 	/System/Library/Frameworks/IOKit.framework/Versions/A/IOKit
0x000000000b07f000 	/usr/lib/libDiagnosticMessagesClient.dylib
0x000000000b07f000 	/System/Library/Frameworks/CoreServices.framework/Versions/A/CoreServices
0x000000000b07f000 	/System/Library/PrivateFrameworks/PerformanceAnalysis.framework/Versions/A/PerformanceAnalysis
0x000000000b07f000 	/System/Library/PrivateFrameworks/GenerationalStorage.framework/Versions/A/GenerationalStorage
0x000000000b07f000 	/System/Library/Frameworks/OpenGL.framework/Versions/A/OpenGL
0x000000000b07f000 	/System/Library/PrivateFrameworks/Sharing.framework/Versions/A/Sharing
0x000000000b07f000 	/System/Library/Frameworks/CoreGraphics.framework/Versions/A/CoreGraphics
0x000000000b07f000 	/System/Library/Frameworks/CoreText.framework/Versions/A/CoreText
0x000000000b07f000 	/System/Library/Frameworks/ImageIO.framework/Versions/A/ImageIO
0x000000000b07f000 	/usr/lib/libextension.dylib
0x000000000b07f000 	/System/Library/PrivateFrameworks/Backup.framework/Versions/A/Backup
0x000000000b07f000 	/usr/lib/libarchive.2.dylib
0x000000000b07f000 	/System/Library/Frameworks/CFNetwork.framework/Versions/A/CFNetwork
0x000000000b07f000 	/System/Library/Frameworks/SystemConfiguration.framework/Versions/A/SystemConfiguration
0x000000000b07f000 	/usr/lib/libCRFSuite.dylib
0x000000000b07f000 	/usr/lib/libc++.1.dylib
0x000000000b07f000 	/usr/lib/libc++abi.dylib
0x000000000b07f000 	/usr/lib/system/libcache.dylib
0x000000000b07f000 	/usr/lib/system/libcommonCrypto.dylib
0x000000000b07f000 	/usr/lib/system/libcompiler_rt.dylib
0x000000000b07f000 	/usr/lib/system/libcopyfile.dylib
0x000000000b07f000 	/usr/lib/system/libcorecrypto.dylib
0x000000000b07f000 	/usr/lib/system/libdispatch.dylib
0x000000000b07f000 	/usr/lib/system/libdyld.dylib
0x000000000b07f000 	/usr/lib/system/libkeymgr.dylib
0x000000000b07f000 	/usr/lib/system/liblaunch.dylib
0x000000000b07f000 	/usr/lib/system/libmacho.dylib
0x000000000b07f000 	/usr/lib/system/libquarantine.dylib
0x000000000b07f000 	/usr/lib/system/libremovefile.dylib
0x000000000b07f000 	/usr/lib/system/libsystem_asl.dylib
0x000000000b07f000 	/usr/lib/system/libsystem_blocks.dylib
0x000000000b07f000 	/usr/lib/system/libsystem_c.dylib
0x000000000b07f000 	/usr/lib/system/libsystem_configuration.dylib
0x000000000b07f000 	/usr/lib/system/libsystem_coreservices.dylib
0x000000000b07f000 	/usr/lib/system/libsystem_coretls.dylib
0x000000000b07f000 	/usr/lib/system/libsystem_dnssd.dylib
0x000000000b07f000 	/usr/lib/system/libsystem_info.dylib
0x000000000b07f000 	/usr/lib/system/libsystem_kernel.dylib
0x000000000b07f000 	/usr/lib/system/libsystem_m.dylib
0x000000000b07f000 	/usr/lib/system/libsystem_malloc.dylib
0x000000000b07f000 	/usr/lib/system/libsystem_network.dylib
0x000000000b07f000 	/usr/lib/system/libsystem_networkextension.dylib
0x000000000b07f000 	/usr/lib/system/libsystem_notify.dylib
0x000000000b07f000 	/usr/lib/system/libsystem_platform.dylib
0x000000000b07f000 	/usr/lib/system/libsystem_pthread.dylib
0x000000000b07f000 	/usr/lib/system/libsystem_sandbox.dylib
0x000000000b07f000 	/usr/lib/system/libsystem_secinit.dylib
0x000000000b07f000 	/usr/lib/system/libsystem_stats.dylib
0x000000000b07f000 	/usr/lib/system/libsystem_trace.dylib
0x000000000b07f000 	/usr/lib/system/libunc.dylib
0x000000000b07f000 	/usr/lib/system/libunwind.dylib
0x000000000b07f000 	/usr/lib/system/libxpc.dylib
0x000000000b07f000 	/usr/lib/libbz2.1.0.dylib
0x000000000b07f000 	/usr/lib/liblzma.5.dylib
0x000000000b07f000 	/usr/lib/libbsm.0.dylib
0x000000000b07f000 	/usr/lib/libsqlite3.dylib
0x000000000b07f000 	/usr/lib/system/libkxld.dylib
0x000000000b07f000 	/usr/lib/libxar.1.dylib
0x000000000b07f000 	/usr/lib/libpam.2.dylib
0x000000000b07f000 	/usr/lib/libOpenScriptingUtil.dylib
0x000000000b07f000 	/System/Library/Frameworks/CoreServices.framework/Versions/A/Frameworks/FSEvents.framework/Versions/A/FSEvents
0x000000000b07f000 	/System/Library/Frameworks/CoreServices.framework/Versions/A/Frameworks/CarbonCore.framework/Versions/A/CarbonCore
0x000000000b07f000 	/System/Library/Frameworks/CoreServices.framework/Versions/A/Frameworks/Metadata.framework/Versions/A/Metadata
0x000000000b07f000 	/System/Library/Frameworks/CoreServices.framework/Versions/A/Frameworks/OSServices.framework/Versions/A/OSServices
0x000000000b07f000 	/System/Library/Frameworks/CoreServices.framework/Versions/A/Frameworks/SearchKit.framework/Versions/A/SearchKit
0x000000000b07f000 	/System/Library/Frameworks/CoreServices.framework/Versions/A/Frameworks/AE.framework/Versions/A/AE
0x000000000b07f000 	/System/Library/Frameworks/CoreServices.framework/Versions/A/Frameworks/LaunchServices.framework/Versions/A/LaunchServices
0x000000000b07f000 	/System/Library/Frameworks/CoreServices.framework/Versions/A/Frameworks/DictionaryServices.framework/Versions/A/DictionaryServices
0x000000000b07f000 	/System/Library/Frameworks/NetFS.framework/Versions/A/NetFS
0x000000000b07f000 	/System/Library/PrivateFrameworks/NetAuth.framework/Versions/A/NetAuth
0x000000000b07f000 	/System/Library/PrivateFrameworks/login.framework/Versions/A/Frameworks/loginsupport.framework/Versions/A/loginsupport
0x000000000b07f000 	/System/Library/PrivateFrameworks/TCC.framework/Versions/A/TCC
0x000000000b07f000 	/usr/lib/libmecabra.dylib
0x000000000b07f000 	/System/Library/Frameworks/ApplicationServices.framework/Versions/A/Frameworks/ATS.framework/Versions/A/ATS
0x000000000b07f000 	/System/Library/Frameworks/ApplicationServices.framework/Versions/A/Frameworks/ColorSync.framework/Versions/A/ColorSync
0x000000000b07f000 	/System/Library/Frameworks/ApplicationServices.framework/Versions/A/Frameworks/HIServices.framework/Versions/A/HIServices
0x000000000b07f000 	/System/Library/Frameworks/ApplicationServices.framework/Versions/A/Frameworks/LangAnalysis.framework/Versions/A/LangAnalysis
0x000000000b07f000 	/System/Library/Frameworks/ApplicationServices.framework/Versions/A/Frameworks/PrintCore.framework/Versions/A/PrintCore
0x000000000b07f000 	/System/Library/Frameworks/ApplicationServices.framework/Versions/A/Frameworks/QD.framework/Versions/A/QD
0x000000000b07f000 	/System/Library/Frameworks/ApplicationServices.framework/Versions/A/Frameworks/SpeechSynthesis.framework/Versions/A/SpeechSynthesis
0x000000000b07f000 	/System/Library/Frameworks/Accelerate.framework/Versions/A/Accelerate
0x000000000b07f000 	/System/Library/Frameworks/Accelerate.framework/Versions/A/Frameworks/vImage.framework/Versions/A/vImage
0x000000000b07f000 	/System/Library/Frameworks/Accelerate.framework/Versions/A/Frameworks/vecLib.framework/Versions/A/vecLib
0x000000000b07f000 	/System/Library/Frameworks/Accelerate.framework/Versions/A/Frameworks/vecLib.framework/Versions/A/libvDSP.dylib
0x000000000b07f000 	/System/Library/Frameworks/Accelerate.framework/Versions/A/Frameworks/vecLib.framework/Versions/A/libvMisc.dylib
0x000000000b07f000 	/System/Library/Frameworks/Accelerate.framework/Versions/A/Frameworks/vecLib.framework/Versions/A/libLAPACK.dylib
0x000000000b07f000 	/System/Library/Frameworks/Accelerate.framework/Versions/A/Frameworks/vecLib.framework/Versions/A/libBLAS.dylib
0x000000000b07f000 	/System/Library/Frameworks/Accelerate.framework/Versions/A/Frameworks/vecLib.framework/Versions/A/libLinearAlgebra.dylib
0x000000000b07f000 	/System/Library/Frameworks/ApplicationServices.framework/Versions/A/Frameworks/ATS.framework/Versions/A/Resources/libFontParser.dylib
0x000000000b07f000 	/System/Library/Frameworks/ApplicationServices.framework/Versions/A/Frameworks/ATS.framework/Versions/A/Resources/libFontRegistry.dylib
0x000000000b07f000 	/System/Library/PrivateFrameworks/AppleVPA.framework/Versions/A/AppleVPA
0x000000000b07f000 	/System/Library/PrivateFrameworks/AppleJPEG.framework/Versions/A/AppleJPEG
0x000000000b07f000 	/System/Library/Frameworks/ImageIO.framework/Versions/A/Resources/libJPEG.dylib
0x000000000b07f000 	/System/Library/Frameworks/ImageIO.framework/Versions/A/Resources/libTIFF.dylib
0x000000000b07f000 	/System/Library/Frameworks/ImageIO.framework/Versions/A/Resources/libPng.dylib
0x000000000b07f000 	/System/Library/Frameworks/ImageIO.framework/Versions/A/Resources/libGIF.dylib
0x000000000b07f000 	/System/Library/Frameworks/ImageIO.framework/Versions/A/Resources/libJP2.dylib
0x000000000b07f000 	/System/Library/Frameworks/ImageIO.framework/Versions/A/Resources/libRadiance.dylib
0x000000000b07f000 	/System/Library/Frameworks/CoreVideo.framework/Versions/A/CoreVideo
0x000000000b07f000 	/System/Library/Frameworks/OpenGL.framework/Versions/A/Libraries/libGLU.dylib
0x000000000b07f000 	/System/Library/Frameworks/OpenGL.framework/Versions/A/Libraries/libGFXShared.dylib
0x000000000b07f000 	/System/Library/Frameworks/OpenGL.framework/Versions/A/Libraries/libGL.dylib
0x000000000b07f000 	/System/Library/Frameworks/OpenGL.framework/Versions/A/Libraries/libGLImage.dylib
0x000000000b07f000 	/System/Library/Frameworks/OpenGL.framework/Versions/A/Libraries/libCVMSPluginSupport.dylib
0x000000000b07f000 	/System/Library/Frameworks/OpenGL.framework/Versions/A/Libraries/libCoreVMClient.dylib
0x000000000b07f000 	/usr/lib/libcups.2.dylib
0x000000000b07f000 	/System/Library/Frameworks/Kerberos.framework/Versions/A/Kerberos
0x000000000b07f000 	/System/Library/Frameworks/GSS.framework/Versions/A/GSS
0x000000000b07f000 	/usr/lib/libresolv.9.dylib
0x000000000b07f000 	/usr/lib/libiconv.2.dylib
0x000000000b07f000 	/System/Library/PrivateFrameworks/Heimdal.framework/Versions/A/Heimdal
0x000000000b07f000 	/usr/lib/libheimdal-asn1.dylib
0x000000000b07f000 	/System/Library/Frameworks/OpenDirectory.framework/Versions/A/OpenDirectory
0x000000000b07f000 	/System/Library/PrivateFrameworks/CommonAuth.framework/Versions/A/CommonAuth
0x000000000b07f000 	/System/Library/Frameworks/OpenDirectory.framework/Versions/A/Frameworks/CFOpenDirectory.framework/Versions/A/CFOpenDirectory
0x000000000b07f000 	/System/Library/Frameworks/SecurityFoundation.framework/Versions/A/SecurityFoundation
0x000000000b07f000 	/System/Library/PrivateFrameworks/LanguageModeling.framework/Versions/A/LanguageModeling
0x000000000b07f000 	/usr/lib/libcmph.dylib
0x000000000b07f000 	/System/Library/Frameworks/ServiceManagement.framework/Versions/A/ServiceManagement
0x000000000b07f000 	/usr/lib/libxslt.1.dylib
0x000000000b07f000 	/System/Library/Frameworks/Carbon.framework/Versions/A/Frameworks/Ink.framework/Versions/A/Ink
0x000000000b07f000 	/System/Library/Frameworks/QuartzCore.framework/Versions/A/Frameworks/CoreImage.framework/Versions/A/CoreImage
0x000000000b07f000 	/System/Library/PrivateFrameworks/CrashReporterSupport.framework/Versions/A/CrashReporterSupport
0x000000000b07f000 	/System/Library/Frameworks/OpenCL.framework/Versions/A/OpenCL
0x000000000b07f000 	/System/Library/PrivateFrameworks/FaceCore.framework/Versions/A/FaceCore
0x000000000b07f000 	/System/Library/PrivateFrameworks/Ubiquity.framework/Versions/A/Ubiquity
0x000000000b07f000 	/System/Library/PrivateFrameworks/IconServices.framework/Versions/A/IconServices
0x000000000b07f000 	/System/Library/PrivateFrameworks/ChunkingLibrary.framework/Versions/A/ChunkingLibrary
0x000000000b07f000 	/System/Library/PrivateFrameworks/Apple80211.framework/Versions/A/Apple80211
0x000000000b07f000 	/System/Library/Frameworks/CoreWLAN.framework/Versions/A/CoreWLAN
0x000000000b07f000 	/System/Library/Frameworks/IOBluetooth.framework/Versions/A/IOBluetooth
0x000000000b07f000 	/System/Library/PrivateFrameworks/CoreWiFi.framework/Versions/A/CoreWiFi
0x000000000b07f000 	/System/Library/Frameworks/CoreBluetooth.framework/Versions/A/CoreBluetooth
0x000000000b07f000 	/System/Library/PrivateFrameworks/DebugSymbols.framework/Versions/A/DebugSymbols
0x000000000b07f000 	/System/Library/PrivateFrameworks/CoreSymbolication.framework/Versions/A/CoreSymbolication
0x000000000b07f000 	/System/Library/PrivateFrameworks/Symbolication.framework/Versions/A/Symbolication
0x000000000b07f000 	/System/Library/PrivateFrameworks/SpeechRecognitionCore.framework/Versions/A/SpeechRecognitionCore
0x0000000108a00000 	/Library/Java/JavaVirtualMachines/jdk1.8.0_45.jdk/Contents/Home/jre/lib/server/libjvm.dylib
0x000000000b07f000 	/usr/lib/libstdc++.6.dylib
0x000000010810c000 	/Library/Java/JavaVirtualMachines/jdk1.8.0_45.jdk/Contents/Home/jre/lib/libverify.dylib
0x000000010811a000 	/Library/Java/JavaVirtualMachines/jdk1.8.0_45.jdk/Contents/Home/jre/lib/libjava.dylib
0x0000000108159000 	/Library/Java/JavaVirtualMachines/jdk1.8.0_45.jdk/Contents/Home/jre/lib/libzip.dylib
0x000000011d4e3000 	/System/Library/Frameworks/JavaVM.framework/Frameworks/JavaRuntimeSupport.framework/JavaRuntimeSupport
0x000000011d4fb000 	/System/Library/Frameworks/JavaVM.framework/Versions/A/Frameworks/JavaNativeFoundation.framework/Versions/A/JavaNativeFoundation
0x000000011d510000 	/System/Library/Frameworks/JavaVM.framework/Versions/A/JavaVM
0x000000000b07f000 	/System/Library/Frameworks/Carbon.framework/Versions/A/Carbon
0x000000011d51d000 	/System/Library/PrivateFrameworks/JavaLaunching.framework/Versions/A/JavaLaunching
0x000000000b07f000 	/System/Library/Frameworks/Carbon.framework/Versions/A/Frameworks/CommonPanels.framework/Versions/A/CommonPanels
0x000000000b07f000 	/System/Library/Frameworks/Carbon.framework/Versions/A/Frameworks/Help.framework/Versions/A/Help
0x000000000b07f000 	/System/Library/Frameworks/Carbon.framework/Versions/A/Frameworks/ImageCapture.framework/Versions/A/ImageCapture
0x000000000b07f000 	/System/Library/Frameworks/Carbon.framework/Versions/A/Frameworks/OpenScripting.framework/Versions/A/OpenScripting
0x000000000b07f000 	/System/Library/Frameworks/Carbon.framework/Versions/A/Frameworks/Print.framework/Versions/A/Print
0x000000000b07f000 	/System/Library/Frameworks/Carbon.framework/Versions/A/Frameworks/SecurityHI.framework/Versions/A/SecurityHI
0x0000000121118000 	/Library/Java/JavaVirtualMachines/jdk1.8.0_45.jdk/Contents/Home/jre/lib/libawt.dylib
0x00000001211c0000 	/Library/Java/JavaVirtualMachines/jdk1.8.0_45.jdk/Contents/Home/jre/lib/./libmlib_image.dylib
0x000000012128c000 	/Library/Java/JavaVirtualMachines/jdk1.8.0_45.jdk/Contents/Home/jre/lib/libawt_lwawt.dylib
0x000000011f6a1000 	/Library/Java/JavaVirtualMachines/jdk1.8.0_45.jdk/Contents/Home/jre/lib/./libosxapp.dylib
0x000000000b07f000 	/System/Library/Frameworks/ExceptionHandling.framework/Versions/A/ExceptionHandling
0x000000000b07f000 	/System/Library/PrivateFrameworks/CoreServicesInternal.framework/Versions/A/CoreServicesInternal
0x000000000b07f000 	/System/Library/PrivateFrameworks/CloudDocs.framework/Versions/A/CloudDocs
0x000000000b07f000 	/System/Library/PrivateFrameworks/CoreDuet.framework/Versions/A/CoreDuet
0x000000000b07f000 	/System/Library/Frameworks/CloudKit.framework/Versions/A/CloudKit
0x000000000b07f000 	/System/Library/PrivateFrameworks/ProtocolBuffer.framework/Versions/A/ProtocolBuffer
0x000000000b07f000 	/System/Library/PrivateFrameworks/CoreDuetDaemonProtocol.framework/Versions/A/CoreDuetDaemonProtocol
0x000000000b07f000 	/System/Library/PrivateFrameworks/CoreDuetDebugLogging.framework/Versions/A/CoreDuetDebugLogging
0x000000000b07f000 	/System/Library/PrivateFrameworks/MMCS.framework/Versions/A/MMCS
0x000000000b07f000 	/System/Library/Frameworks/CoreLocation.framework/Versions/A/CoreLocation
0x000000000b07f000 	/System/Library/PrivateFrameworks/ProtectedCloudStorage.framework/Versions/A/ProtectedCloudStorage
0x000000000b07f000 	/System/Library/PrivateFrameworks/GeoServices.framework/Versions/A/GeoServices
0x000000000b07f000 	/System/Library/Frameworks/CoreGraphics.framework/Versions/A/Resources/libCGCMS.A.dylib
0x000000000b07f000 	/System/Library/Frameworks/CoreGraphics.framework/Versions/A/Resources/libRIP.A.dylib
0x000000000b07f000 	/System/Library/PrivateFrameworks/FamilyControls.framework/Versions/A/FamilyControls
0x000000000b07f000 	/System/Library/PrivateFrameworks/CommerceKit.framework/Versions/A/Frameworks/CommerceCore.framework/Versions/A/CommerceCore
0x000000000b07f000 	/System/Library/PrivateFrameworks/SystemAdministration.framework/Versions/A/SystemAdministration
0x000000000b07f000 	/System/Library/PrivateFrameworks/AppContainer.framework/Versions/A/AppContainer
0x000000000b07f000 	/System/Library/PrivateFrameworks/SecCodeWrapper.framework/Versions/A/SecCodeWrapper
0x000000000b07f000 	/System/Library/Frameworks/DirectoryService.framework/Versions/A/DirectoryService
0x000000000b07f000 	/System/Library/PrivateFrameworks/DiskImages.framework/Versions/A/DiskImages
0x000000000b07f000 	/System/Library/PrivateFrameworks/LoginUIKit.framework/Versions/A/Frameworks/LoginUICore.framework/Versions/A/LoginUICore
0x000000000b07f000 	/usr/lib/libCoreStorage.dylib
0x000000000b07f000 	/usr/lib/libcsfde.dylib
0x000000000b07f000 	/usr/lib/libodfde.dylib
0x000000000b07f000 	/System/Library/Frameworks/DiscRecording.framework/Versions/A/DiscRecording
0x000000000b07f000 	/usr/lib/libcurl.4.dylib
0x000000000b07f000 	/System/Library/PrivateFrameworks/MediaKit.framework/Versions/A/MediaKit
0x000000000b07f000 	/System/Library/PrivateFrameworks/EFILogin.framework/Versions/A/EFILogin
0x000000000b07f000 	/usr/lib/libutil.dylib
0x000000000b07f000 	/System/Library/PrivateFrameworks/FindMyDevice.framework/Versions/A/FindMyDevice
0x000000000b07f000 	/System/Library/Frameworks/LDAP.framework/Versions/A/LDAP
0x000000000b07f000 	/usr/lib/libsasl2.2.dylib
0x000000000b07f000 	/System/Library/PrivateFrameworks/CoreDaemon.framework/Versions/B/CoreDaemon
0x000000000b07f000 	/usr/lib/libcrypto.0.9.8.dylib
0x000000000b07f000 	/System/Library/PrivateFrameworks/AppleSRP.framework/Versions/A/AppleSRP
0x000000000b07f000 	/System/Library/PrivateFrameworks/TrustEvaluationAgent.framework/Versions/A/TrustEvaluationAgent
0x00000001228ef000 	/Users/collinbell/dameon/target/native/macosx/x86_64/libopencv_java310.dylib
0x0000000124d52000 	/usr/local/lib/libopencv_photo.3.1.dylib
0x0000000124e3c000 	/usr/local/lib/libopencv_video.3.1.dylib
0x0000000124eaa000 	/usr/local/lib/libopencv_objdetect.3.1.dylib
0x0000000124fb5000 	/usr/local/lib/libopencv_calib3d.3.1.dylib
0x0000000125178000 	/usr/local/lib/libopencv_features2d.3.1.dylib
0x0000000124f1f000 	/usr/local/lib/libopencv_flann.3.1.dylib
0x000000012523f000 	/usr/local/lib/libopencv_ml.3.1.dylib
0x00000001229d3000 	/usr/local/lib/libopencv_highgui.3.1.dylib
0x000000012530c000 	/usr/local/lib/libopencv_videoio.3.1.dylib
0x000000012533a000 	/usr/local/lib/libopencv_imgcodecs.3.1.dylib
0x000000012559a000 	/usr/local/lib/libopencv_imgproc.3.1.dylib
0x00000001268ad000 	/usr/local/lib/libopencv_core.3.1.dylib
0x0000000127184000 	/usr/local/lib/libavcodec.56.dylib
0x000000012812a000 	/usr/local/lib/libavformat.56.dylib
0x0000000128298000 	/usr/local/lib/libavutil.54.dylib
0x00000001282e8000 	/usr/local/lib/libswscale.3.dylib
0x0000000123498000 	/usr/local/lib/libavresample.2.dylib
0x000000011f86a000 	/System/Library/Frameworks/VideoDecodeAcceleration.framework/Versions/A/VideoDecodeAcceleration
0x000000000b07f000 	/System/Library/Frameworks/QTKit.framework/Versions/A/QTKit
0x0000000128360000 	/usr/local/lib/libwebp.5.dylib
0x0000000124f90000 	/usr/local/Cellar/ffmpeg/2.6.3/lib/libswresample.1.dylib
0x000000000b07f000 	/System/Library/Frameworks/AVFoundation.framework/Versions/A/AVFoundation
0x000000000b07f000 	/System/Library/Frameworks/CoreMedia.framework/Versions/A/CoreMedia
0x00000001283b0000 	/usr/local/lib/libx264.144.dylib
0x0000000128524000 	/usr/local/lib/libvo-aacenc.0.dylib
0x000000012853f000 	/usr/local/lib/libmp3lame.0.dylib
0x000000000b07f000 	/System/Library/Frameworks/MediaToolbox.framework/Versions/A/MediaToolbox
0x000000000b07f000 	/System/Library/Frameworks/VideoToolbox.framework/Versions/A/VideoToolbox
0x000000000b07f000 	/System/Library/PrivateFrameworks/CoreMediaAuthoring.framework/Versions/A/CoreMediaAuthoring
0x000000000b07f000 	/System/Library/Frameworks/CoreMediaIO.framework/Versions/A/CoreMediaIO
0x000000000b07f000 	/System/Library/Frameworks/AVFoundation.framework/Versions/A/Resources/libAVFAudio.dylib
0x000000000b07f000 	/System/Library/PrivateFrameworks/MediaControlSender.framework/Versions/A/MediaControlSender
0x000000000b07f000 	/System/Library/PrivateFrameworks/CoreAVCHD.framework/Versions/A/CoreAVCHD
0x000000000b07f000 	/System/Library/Frameworks/MediaAccessibility.framework/Versions/A/MediaAccessibility
0x000000000b07f000 	/System/Library/PrivateFrameworks/Mangrove.framework/Versions/A/Mangrove
0x000000000b07f000 	/System/Library/PrivateFrameworks/CoreAUC.framework/Versions/A/CoreAUC
0x000000000b07f000 	/System/Library/PrivateFrameworks/NetworkStatistics.framework/Versions/A/NetworkStatistics
0x000000000b07f000 	/System/Library/PrivateFrameworks/AirPlaySupport.framework/Versions/A/AirPlaySupport
0x000000000b07f000 	/System/Library/PrivateFrameworks/CoreUtils.framework/Versions/A/CoreUtils
0x000000000b07f000 	/System/Library/PrivateFrameworks/AppleVA.framework/Versions/A/AppleVA
0x000000000b07f000 	/System/Library/PrivateFrameworks/XPCService.framework/Versions/A/XPCService
0x000000000b07f000 	/System/Library/PrivateFrameworks/AppSandbox.framework/Versions/A/AppSandbox
0x000000000b07f000 	/usr/lib/libsandbox.1.dylib
0x000000000b07f000 	/usr/lib/libMatch.1.dylib
0x00000001285ad000 	/Library/Java/JavaVirtualMachines/jdk1.8.0_45.jdk/Contents/Home/jre/lib/libnet.dylib
0x000000011d62c000 	/Library/Java/JavaVirtualMachines/jdk1.8.0_45.jdk/Contents/Home/jre/lib/libfontmanager.dylib
0x000000000b07f000 	/System/Library/Frameworks/OpenGL.framework/Versions/A/Resources/GLEngine.bundle/GLEngine
0x000000000b07f000 	/System/Library/Frameworks/OpenGL.framework/Versions/A/Libraries/libGLProgrammability.dylib
0x000000012a013000 	/System/Library/Extensions/AppleIntelHD5000GraphicsGLDriver.bundle/Contents/MacOS/AppleIntelHD5000GraphicsGLDriver
0x000000000b07f000 	/System/Library/PrivateFrameworks/IOAccelerator.framework/Versions/A/IOAccelerator
0x000000000b07f000 	/System/Library/PrivateFrameworks/GPUSupport.framework/Versions/A/Libraries/libGPUSupportMercury.dylib
0x000000000b07f000 	/System/Library/Frameworks/OpenGL.framework/Versions/A/Resources/GLRendererFloat.bundle/GLRendererFloat
0x000000000b07f000 	/System/Library/Frameworks/OpenCL.framework/Versions/A/Libraries/libcldcpuengine.dylib
0x00000001234ba000 	/Library/Java/JavaVirtualMachines/jdk1.8.0_45.jdk/Contents/Home/jre/lib/libosxui.dylib
0x000000012b7bd000 	/Library/Java/JavaVirtualMachines/jdk1.8.0_45.jdk/Contents/Home/jre/lib/libmanagement.dylib
0x000000000b07f000 	/System/Library/Frameworks/CoreGraphics.framework/Versions/A/Resources/libCGXType.A.dylib
0x0000000128bf3000 	/System/Library/Extensions/AppleHDA.kext/Contents/PlugIns/AppleHDAHALPlugIn.bundle/Contents/MacOS/AppleHDAHALPlugIn
0x0000000128bfd000 	/Library/Audio/Plug-Ins/HAL/JackRouter.plugin/Contents/MacOS/JackRouter
0x0000000129f90000 	/System/Library/Frameworks/Jackmp.framework/Versions/A/Jackmp
0x0000000128c3f000 	/Library/CoreMediaIO/Plug-Ins/DAL/AppleCamera.plugin/Contents/MacOS/AppleCamera
0x000000012e0a4000 	/System/Library/Frameworks/CoreMediaIO.framework/Resources/CMIOUnits.bundle/Contents/MacOS/CMIOUnits
0x000000012a701000 	/System/Library/PrivateFrameworks/FWAVC.framework/Versions/A/FWAVC
0x000000012e87e000 	/System/Library/PrivateFrameworks/AppleGVA.framework/AppleGVA
0x0000000131a00000 	/System/Library/PrivateFrameworks/Lookup.framework/Lookup
0x000000000b07f000 	/System/Library/PrivateFrameworks/ViewBridge.framework/Versions/A/ViewBridge
0x000000000b07f000 	/usr/lib/libScreenReader.dylib
0x000000000b07f000 	/System/Library/Frameworks/Quartz.framework/Versions/A/Quartz
0x000000000b07f000 	/System/Library/Frameworks/WebKit.framework/Versions/A/WebKit
0x000000000b07f000 	/System/Library/PrivateFrameworks/DataDetectors.framework/Versions/A/DataDetectors
0x000000000b07f000 	/System/Library/Frameworks/Quartz.framework/Versions/A/Frameworks/QuartzComposer.framework/Versions/A/QuartzComposer
0x000000000b07f000 	/System/Library/Frameworks/Quartz.framework/Versions/A/Frameworks/PDFKit.framework/Versions/A/PDFKit
0x000000000b07f000 	/System/Library/Frameworks/Quartz.framework/Versions/A/Frameworks/QuartzFilters.framework/Versions/A/QuartzFilters
0x000000000b07f000 	/System/Library/Frameworks/Quartz.framework/Versions/A/Frameworks/ImageKit.framework/Versions/A/ImageKit
0x000000000b07f000 	/System/Library/Frameworks/Quartz.framework/Versions/A/Frameworks/QuickLookUI.framework/Versions/A/QuickLookUI
0x000000000b07f000 	/System/Library/Frameworks/JavaScriptCore.framework/Versions/A/JavaScriptCore
0x000000000b07f000 	/System/Library/PrivateFrameworks/AppleSystemInfo.framework/Versions/A/AppleSystemInfo
0x000000000b07f000 	/System/Library/PrivateFrameworks/CorePDF.framework/Versions/A/CorePDF
0x000000000b07f000 	/System/Library/Frameworks/QuickLook.framework/Versions/A/QuickLook
0x000000000b07f000 	/System/Library/PrivateFrameworks/DisplayServices.framework/Versions/A/DisplayServices
0x000000000b07f000 	/System/Library/Frameworks/ImageCaptureCore.framework/Versions/A/ImageCaptureCore
0x000000000b07f000 	/System/Library/PrivateFrameworks/SafariServices.framework/Versions/A/SafariServices
0x000000000b07f000 	/usr/lib/libspindump.dylib
0x000000000b07f000 	/System/Library/Frameworks/WebKit.framework/Versions/A/Frameworks/WebKitLegacy.framework/Versions/A/WebKitLegacy
0x000000000b07f000 	/System/Library/Frameworks/WebKit.framework/Versions/A/Frameworks/WebCore.framework/Versions/A/WebCore
0x000000000b07f000 	/System/Library/PrivateFrameworks/IDS.framework/Versions/A/IDS
0x000000000b07f000 	/System/Library/Frameworks/AddressBook.framework/Versions/A/AddressBook
0x000000000b07f000 	/System/Library/PrivateFrameworks/IMFoundation.framework/Versions/A/IMFoundation
0x000000000b07f000 	/System/Library/PrivateFrameworks/Marco.framework/Versions/A/Marco
0x000000000b07f000 	/System/Library/PrivateFrameworks/IDSFoundation.framework/Versions/A/IDSFoundation
0x000000000b07f000 	/System/Library/PrivateFrameworks/FTServices.framework/Versions/A/FTServices
0x000000000b07f000 	/usr/lib/libtidy.A.dylib
0x000000000b07f000 	/System/Library/PrivateFrameworks/CommonUtilities.framework/Versions/A/CommonUtilities
0x000000000b07f000 	/System/Library/PrivateFrameworks/Bom.framework/Versions/A/Bom
0x000000000b07f000 	/System/Library/PrivateFrameworks/AppleFSCompression.framework/Versions/A/AppleFSCompression
0x000000000b07f000 	/System/Library/PrivateFrameworks/DiagnosticLogCollection.framework/Versions/A/DiagnosticLogCollection
0x000000000b07f000 	/System/Library/PrivateFrameworks/IntlPreferences.framework/Versions/A/IntlPreferences
0x000000000b07f000 	/System/Library/PrivateFrameworks/ToneLibrary.framework/Versions/A/ToneLibrary
0x000000000b07f000 	/System/Library/PrivateFrameworks/ToneKit.framework/Versions/A/ToneKit
0x000000000b07f000 	/System/Library/PrivateFrameworks/vCard.framework/Versions/A/vCard
0x000000000b07f000 	/System/Library/PrivateFrameworks/ApplePushService.framework/Versions/A/ApplePushService
0x000000000b07f000 	/System/Library/PrivateFrameworks/ContactsData.framework/Versions/A/ContactsData
0x000000000b07f000 	/System/Library/PrivateFrameworks/ContactsFoundation.framework/Versions/A/ContactsFoundation
0x000000000b07f000 	/System/Library/Frameworks/SecurityInterface.framework/Versions/A/SecurityInterface
0x000000000b07f000 	/System/Library/PrivateFrameworks/PhoneNumbers.framework/Versions/A/PhoneNumbers

VM Arguments:
jvm_args: -Dfile.encoding=UTF-8 -XX:+TieredCompilation -XX:TieredStopAtLevel=1 -XX:-OmitStackTraceInFastThrow -Dclojure.compile.path=/Users/collinbell/dameon/target/classes -Ddameon.version=0.1.0-SNAPSHOT -Dclojure.debug=false -Djava.library.path=/Users/collinbell/dameon/target/native/macosx/x86_64 
java_command: clojure.main -i /private/var/folders/13/czsnc__d5qbd25p97svzgmwm0000gn/T/form-init41414329754527337.clj
java_class_path (initial): /Users/collinbell/dameon/test:/Users/collinbell/dameon/src:/Users/collinbell/dameon/dev-resources:/Users/collinbell/dameon/resources:/Users/collinbell/dameon/target/classes:/Users/collinbell/.m2/repository/org/clojure/clojure/1.8.0/clojure-1.8.0.jar:/Users/collinbell/.m2/repository/org/flatland/classlojure/0.7.0/classlojure-0.7.0.jar:/Users/collinbell/.m2/repository/lein-as-resource/lein-as-resource/2.5.0/lein-as-resource-2.5.0.jar:/Users/collinbell/.m2/repository/org/tcrawley/dynapath/0.2.3/dynapath-0.2.3.jar:/Users/collinbell/.m2/repository/com/lowagie/itext/2.1.7/itext-2.1.7.jar:/Users/collinbell/.m2/repository/org/clojure/tools.reader/1.0.0-beta2/tools.reader-1.0.0-beta2.jar:/Users/collinbell/.m2/repository/cider/cider-nrepl/0.13.0-SNAPSHOT/cider-nrepl-0.13.0-SNAPSHOT.jar:/Users/collinbell/.m2/repository/quil/processing-core/3.0.2/processing-core-3.0.2.jar:/Users/collinbell/.m2/repository/org/clojure/tools.analyzer.jvm/0.6.10/tools.analyzer.jvm-0.6.10.jar:/Users/collinbell/.m2/repository/org/bouncycastle/bcmail-jdk14/1.38/bcmail-jdk14-1.38.jar:/Users/collinbell/.m2/repository/org/clojure/tools.analyzer/0.6.9/tools.analyzer-0.6.9.jar:/Users/collinbell/.m2/repository/quil/processing-pdf/3.0.2/processing-pdf-3.0.2.jar:/Users/collinbell/.m2/repository/clojure-complete/clojure-complete/0.2.4/clojure-complete-0.2.4.jar:/Users/collinbell/.m2/repository/org/clojure/core.async/0.2.385/core.async-0.2.385.jar:/Users/collinbell/.m2/repository/bouncycastle/bcprov-jdk14/138/bcprov-jdk14-138.jar:/Users/collinbell/.m2/repository/org/bouncycastle/bctsp-jdk14/1.38/bctsp-jdk14-1.38.jar:/Users/collinbell/.m2/repository/bouncycastle/bcmail-jdk14/138/bcmail-jdk14-138.jar:/Users/collinbell/.m2/repository/org/clojure/core.memoize/0.5.9/core.memoize-0.5.9.jar:/Users/collinbell/.m2/repository/alembic/alembic/0.3.2/alembic-0.3.2.jar:/Users/collinbell/.m2/repository/quil/processing-dxf/3.0.2.1/processing-dxf-3.0.2.1.jar:/Users/collinbell/.m2/repository/org/cloj
Launcher Type: SUN_STANDARD

Environment Variables:
PATH=/Users/collinbell/.pyenv/shims:/usr/local/heroku/bin:/usr/local/bin:/usr/bin:/bin:/usr/sbin:/sbin:/opt/X11/bin:/usr/local/git/bin:/usr/local/WordNet-3.0/bin:/Users/collinbell/pear/bin/pear:/Users/collinbell/go/bin
SHELL=/bin/bash
DISPLAY=/private/tmp/com.apple.launchd.MWicLkmX29/org.macosforge.xquartz:0

Signal Handlers:
SIGSEGV: [libjvm.dylib+0x58ef95], sa_mask[0]=11111111011111110111111111111111, sa_flags=SA_ONSTACK|SA_RESTART|SA_SIGINFO
SIGBUS: [libjvm.dylib+0x58ef95], sa_mask[0]=11111111011111110111111111111111, sa_flags=SA_RESTART|SA_SIGINFO
SIGFPE: [libjvm.dylib+0x46c108], sa_mask[0]=11111111011111110111111111111111, sa_flags=SA_RESTART|SA_SIGINFO
SIGPIPE: [libjvm.dylib+0x46c108], sa_mask[0]=11111111011111110111111111111111, sa_flags=SA_RESTART|SA_SIGINFO
SIGXFSZ: [libjvm.dylib+0x46c108], sa_mask[0]=11111111011111110111111111111111, sa_flags=SA_RESTART|SA_SIGINFO
SIGILL: [libjvm.dylib+0x46c108], sa_mask[0]=11111111011111110111111111111111, sa_flags=SA_RESTART|SA_SIGINFO
SIGUSR1: SIG_DFL, sa_mask[0]=11011111011111100000000111000110, sa_flags=none
SIGUSR2: [libjvm.dylib+0x46bc26], sa_mask[0]=00100000000000000000000000000000, sa_flags=SA_RESTART|SA_SIGINFO
SIGHUP: [libjvm.dylib+0x46a1f9], sa_mask[0]=11111111011111110111111111111111, sa_flags=SA_RESTART|SA_SIGINFO
SIGINT: [libjvm.dylib+0x46a1f9], sa_mask[0]=11111111011111110111111111111111, sa_flags=SA_RESTART|SA_SIGINFO
SIGTERM: [libjvm.dylib+0x46a1f9], sa_mask[0]=11111111011111110111111111111111, sa_flags=SA_RESTART|SA_SIGINFO
SIGQUIT: [libjvm.dylib+0x46a1f9], sa_mask[0]=11111111011111110111111111111111, sa_flags=SA_RESTART|SA_SIGINFO


---------------  S Y S T E M  ---------------

OS:Bsduname:Darwin 14.5.0 Darwin Kernel Version 14.5.0: Wed Jul 29 02:26:53 PDT 2015; root:xnu-2782.40.9~1/RELEASE_X86_64 x86_64
rlimit: STACK 8515k, CORE 0k, NPROC 709, NOFILE 8096, AS infinity
load average:1.51 1.91 1.99

CPU:total 4 (2 cores per cpu, 2 threads per core) family 6 model 69 stepping 1, cmov, cx8, fxsr, mmx, sse, sse2, sse3, ssse3, sse4.1, sse4.2, popcnt, avx, avx2, aes, clmul, erms, lzcnt, ht, tsc, tscinvbit, bmi1, bmi2

Memory: 4k page, physical 4194304k(28792k free)

/proc/meminfo:


vm_info: Java HotSpot(TM) 64-Bit Server VM (25.45-b02) for bsd-amd64 JRE (1.8.0_45-b14), built on Apr 10 2015 10:46:38 by "java_re" with gcc 4.2.1 (Based on Apple Inc. build 5658) (LLVM build 2336.11.00)

time: Thu Aug 11 06:59:00 2016
elapsed time: 3114 seconds (0d 0h 51m 54s)

